[debug] [2024-07-14T15:01:03.568Z] ----------------------------------------------------------------------
[debug] [2024-07-14T15:01:03.571Z] Command:       C:\Program Files\nodejs\node.exe C:\Users\User\AppData\Roaming\npm\node_modules\firebase-tools\lib\bin\firebase.js init
[debug] [2024-07-14T15:01:03.572Z] CLI Version:   13.13.2
[debug] [2024-07-14T15:01:03.572Z] Platform:      win32
[debug] [2024-07-14T15:01:03.572Z] Node Version:  v21.7.3
[debug] [2024-07-14T15:01:03.573Z] Time:          Sun Jul 14 2024 18:01:03 GMT+0300 (Eastern European Summer Time)
[debug] [2024-07-14T15:01:03.573Z] ----------------------------------------------------------------------
[debug] 
[debug] [2024-07-14T15:01:03.683Z] > command requires scopes: ["email","openid","https://www.googleapis.com/auth/cloudplatformprojects.readonly","https://www.googleapis.com/auth/firebase","https://www.googleapis.com/auth/cloud-platform"]
[debug] [2024-07-14T15:01:03.684Z] > authorizing via signed-in user (91ahmedeldeeb91@gmail.com)
[info] 
     ######## #### ########  ######## ########     ###     ######  ########
     ##        ##  ##     ## ##       ##     ##  ##   ##  ##       ##
     ######    ##  ########  ######   ########  #########  ######  ######
     ##        ##  ##    ##  ##       ##     ## ##     ##       ## ##
     ##       #### ##     ## ######## ########  ##     ##  ######  ########

You're about to initialize a Firebase project in this directory:

  C:\Users\User\OneDrive\Desktop\chat\live-chat

Before we get started, keep in mind:

  * You are initializing within an existing Firebase project directory

[info] 
=== Project Setup
[info] 
[info] First, let's associate this project directory with a Firebase project.
[info] You can create multiple project aliases by running firebase use --add, 
[info] but for now we'll just set up a default project.
[info] 
[debug] [2024-07-14T15:01:14.271Z] Using project from CLI flag: udmy-vue-firebase-sites
[debug] [2024-07-14T15:01:14.273Z] >>> [apiv2][query] GET https://firebase.googleapis.com/v1beta1/projects/udmy-vue-firebase-sites [none]
[debug] [2024-07-14T15:01:14.844Z] <<< [apiv2][status] GET https://firebase.googleapis.com/v1beta1/projects/udmy-vue-firebase-sites 200
[debug] [2024-07-14T15:01:14.845Z] <<< [apiv2][body] GET https://firebase.googleapis.com/v1beta1/projects/udmy-vue-firebase-sites {"projectId":"udmy-vue-firebase-sites","projectNumber":"992216514825","displayName":"Udmy Vue Firebase Sites","name":"projects/udmy-vue-firebase-sites","resources":{"hostingSite":"udmy-vue-firebase-sites"},"state":"ACTIVE","etag":"1_99d31026-1bca-4681-b41f-e22af4485bf7"}
[info] i  Using project udmy-vue-firebase-sites (Udmy Vue Firebase Sites) 
[info] 
=== Hosting Setup
[debug] [2024-07-14T15:01:14.853Z] >>> [apiv2][query] GET https://firebase.googleapis.com/v1beta1/projects/udmy-vue-firebase-sites [none]
[debug] [2024-07-14T15:01:15.144Z] <<< [apiv2][status] GET https://firebase.googleapis.com/v1beta1/projects/udmy-vue-firebase-sites 200
[debug] [2024-07-14T15:01:15.144Z] <<< [apiv2][body] GET https://firebase.googleapis.com/v1beta1/projects/udmy-vue-firebase-sites {"projectId":"udmy-vue-firebase-sites","projectNumber":"992216514825","displayName":"Udmy Vue Firebase Sites","name":"projects/udmy-vue-firebase-sites","resources":{"hostingSite":"udmy-vue-firebase-sites"},"state":"ACTIVE","etag":"1_99d31026-1bca-4681-b41f-e22af4485bf7"}
[info] 
[info] Your public directory is the folder (relative to your project directory) that
[info] will contain Hosting assets to be uploaded with firebase deploy. If you
[info] have a build process for your assets, use your build's output directory.
[info] 
[debug] [2024-07-14T15:01:27.117Z] >>> [apiv2][query] GET https://www.gstatic.com/firebasejs/releases.json [none]
[debug] [2024-07-14T15:01:27.271Z] <<< [apiv2][status] GET https://www.gstatic.com/firebasejs/releases.json 200
[debug] [2024-07-14T15:01:27.271Z] <<< [apiv2][body] GET https://www.gstatic.com/firebasejs/releases.json {"current":{"version":"10.12.3","browserURL":"https://www.gstatic.com/firebasejs/10.12.3/firebase.js","packageURL":"https://www.gstatic.com/firebasejs/10.12.3/firebase.tgz"},"live":{"version":"10.12","browserURL":"https://www.gstatic.com/firebasejs/live/10.12/firebase.js","packageURL":"https://www.gstatic.com/firebasejs/live/10.12/firebase.tgz"},"components":{"analytics":"https://www.gstatic.com/firebasejs/10.12.3/firebase-analytics.js","app":"https://www.gstatic.com/firebasejs/10.12.3/firebase-app.js","app-check":"https://www.gstatic.com/firebasejs/10.12.3/firebase-app-check.js","auth":"https://www.gstatic.com/firebasejs/10.12.3/firebase-auth.js","auth/cordova":"https://www.gstatic.com/firebasejs/10.12.3/firebase-auth/cordova.js","auth/web-extension":"https://www.gstatic.com/firebasejs/10.12.3/firebase-auth/web-extension.js","functions":"https://www.gstatic.com/firebasejs/10.12.3/firebase-functions.js","firestore":"https://www.gstatic.com/firebasejs/10.12.3/firebase-firestore.js","firestore/lite":"https://www.gstatic.com/firebasejs/10.12.3/firebase-firestore/lite.js","installations":"https://www.gstatic.com/firebasejs/10.12.3/firebase-installations.js","storage":"https://www.gstatic.com/firebasejs/10.12.3/firebase-storage.js","performance":"https://www.gstatic.com/firebasejs/10.12.3/firebase-performance.js","remote-config":"https://www.gstatic.com/firebasejs/10.12.3/firebase-remote-config.js","messaging":"https://www.gstatic.com/firebasejs/10.12.3/firebase-messaging.js","messaging/sw":"https://www.gstatic.com/firebasejs/10.12.3/firebase-messaging/sw.js","database":"https://www.gstatic.com/firebasejs/10.12.3/firebase-database.js","vertexai-preview":"https://www.gstatic.com/firebasejs/10.12.3/firebase-vertexai-preview.js","firestore.memory":"https://www.gstatic.com/firebasejs/10.12.3/firebase-firestore.memory.js"}}
[info] +  Wrote y/index.html 
[info] 
[info] i  Detected a .git folder at C:\Users\User\OneDrive\Desktop\chat\live-chat 
[info] i  Authorizing with GitHub to upload your service account to a GitHub repository's secrets store. 
[info] 
[info] Visit this URL on this device to log in:
[info] https://github.com/login/oauth/authorize?client_id=89cf50f02ac6aaed3484&state=975348901&redirect_uri=http%3A%2F%2Flocalhost%3A9006&scope=read%3Auser%20repo%20public_repo
[info] 
[info] Waiting for authentication...
